2025-04-05 22:15:32,945 - INFO - [main.py:30] - ⏱️ Iniciando proceso regular de validación...
2025-04-05 22:15:32,947 - INFO - [main.py:61] - 🕒 Esperando hasta las 9:00 AM para iniciar comparación diaria (esperando 644.5 minutos)...
2025-04-05 22:15:33,354 - INFO - [api_client.py:35] - ✅ Token obtenido correctamente: eyJhb...DExb8
2025-04-05 22:15:33,355 - INFO - [api_client.py:36] - ⏱ Tiempo de obtención del token: 0m 0s
2025-04-05 22:15:34,720 - INFO - [database.py:88] - Conexión exitosa a la segunda base de datos.
2025-04-05 22:15:35,586 - INFO - [document_processor.py:416] - Se encontraron 0 documentos pendientes de FE, NCP, NC y NDP
2025-04-05 22:15:35,924 - INFO - [document_processor.py:432] - Procesamiento de documentos pendientes completado
2025-04-05 22:15:36,020 - INFO - [api_client.py:35] - ✅ Token obtenido correctamente: eyJhb...UEwwA
2025-04-05 22:15:36,021 - INFO - [api_client.py:36] - ⏱ Tiempo de obtención del token: 0m 0s
2025-04-05 22:15:36,125 - INFO - [database.py:88] - Conexión exitosa a la segunda base de datos.
2025-04-05 22:15:36,282 - INFO - [document_processor.py:507] - Se encontraron 0 documentos pendientes de BRS, DE y NCDS
2025-04-05 22:15:36,599 - INFO - [document_processor.py:523] - Procesamiento de documentos pendientes completado
2025-04-05 22:15:37,746 - INFO - [database.py:62] - Conexión exitosa a la primera base de datos.
2025-04-05 22:15:38,094 - INFO - [email_notifier.py:36] - No se encontraron errores en la base de datos para: Errores en la base de datos SAP - 05/04/2025 22:15:38
2025-04-05 22:15:38,200 - INFO - [database.py:88] - Conexión exitosa a la segunda base de datos.
2025-04-05 22:15:38,572 - INFO - [email_notifier.py:36] - No se encontraron errores en la base de datos para: Errores en la base de datos Tabla de Control - 05/04/2025 22:15:38
2025-04-05 22:15:38,573 - INFO - [main.py:41] - ✅ Proceso regular finalizado correctamente.
2025-04-05 22:15:38,573 - INFO - [main.py:46] - 🕒 Esperando 60 minutos para la siguiente ejecución del proceso regular...
2025-04-05 22:17:00,147 - INFO - [main.py:30] - ⏱️ Iniciando proceso regular de validación...
2025-04-05 22:17:00,147 - INFO - [main.py:61] - 🕒 Esperando hasta las 9:00 AM para iniciar comparación diaria (esperando 1380.0 minutos)...
2025-04-05 22:17:00,263 - INFO - [api_client.py:35] - ✅ Token obtenido correctamente: eyJhb...N2YYE
2025-04-05 22:17:00,263 - INFO - [api_client.py:36] - ⏱ Tiempo de obtención del token: 0m 0s
2025-04-05 22:17:01,484 - INFO - [database.py:88] - Conexión exitosa a la segunda base de datos.
2025-04-05 22:17:02,389 - INFO - [document_processor.py:416] - Se encontraron 0 documentos pendientes de FE, NCP, NC y NDP
2025-04-05 22:17:02,720 - INFO - [document_processor.py:432] - Procesamiento de documentos pendientes completado
2025-04-05 22:17:02,818 - INFO - [api_client.py:35] - ✅ Token obtenido correctamente: eyJhb...4kRko
2025-04-05 22:17:02,818 - INFO - [api_client.py:36] - ⏱ Tiempo de obtención del token: 0m 0s
2025-04-05 22:17:02,953 - INFO - [database.py:88] - Conexión exitosa a la segunda base de datos.
2025-04-05 22:17:03,115 - INFO - [document_processor.py:507] - Se encontraron 0 documentos pendientes de BRS, DE y NCDS
2025-04-05 22:17:03,444 - INFO - [document_processor.py:523] - Procesamiento de documentos pendientes completado
2025-04-05 22:17:04,528 - INFO - [database.py:62] - Conexión exitosa a la primera base de datos.
2025-04-05 22:17:04,859 - INFO - [email_notifier.py:36] - No se encontraron errores en la base de datos para: Errores en la base de datos SAP - 05/04/2025 22:17:04
2025-04-05 22:17:04,969 - INFO - [database.py:88] - Conexión exitosa a la segunda base de datos.
2025-04-05 22:17:05,353 - INFO - [email_notifier.py:36] - No se encontraron errores en la base de datos para: Errores en la base de datos Tabla de Control - 05/04/2025 22:17:05
2025-04-05 22:17:05,354 - INFO - [main.py:41] - ✅ Proceso regular finalizado correctamente.
2025-04-05 22:17:05,354 - INFO - [main.py:46] - 🕒 Esperando 60 minutos para la siguiente ejecución del proceso regular...
2025-04-05 22:17:16,612 - INFO - [main.py:30] - ⏱️ Iniciando proceso regular de validación...
2025-04-05 22:17:16,612 - INFO - [main.py:61] - 🕒 Esperando hasta las 9:00 AM para iniciar comparación diaria (esperando 1380.7 minutos)...
2025-04-05 22:17:16,727 - INFO - [api_client.py:35] - ✅ Token obtenido correctamente: eyJhb...BUPIM
2025-04-05 22:17:16,727 - INFO - [api_client.py:36] - ⏱ Tiempo de obtención del token: 0m 0s
2025-04-05 22:17:17,816 - INFO - [database.py:88] - Conexión exitosa a la segunda base de datos.
2025-04-05 22:17:18,651 - INFO - [document_processor.py:416] - Se encontraron 0 documentos pendientes de FE, NCP, NC y NDP
2025-04-05 22:17:18,990 - INFO - [document_processor.py:432] - Procesamiento de documentos pendientes completado
2025-04-05 22:17:19,084 - INFO - [api_client.py:35] - ✅ Token obtenido correctamente: eyJhb...1PbFI
2025-04-05 22:17:19,085 - INFO - [api_client.py:36] - ⏱ Tiempo de obtención del token: 0m 0s
2025-04-05 22:17:19,194 - INFO - [database.py:88] - Conexión exitosa a la segunda base de datos.
2025-04-05 22:17:19,387 - INFO - [document_processor.py:507] - Se encontraron 0 documentos pendientes de BRS, DE y NCDS
2025-04-05 22:17:19,721 - INFO - [document_processor.py:523] - Procesamiento de documentos pendientes completado
2025-04-05 22:17:20,939 - INFO - [database.py:62] - Conexión exitosa a la primera base de datos.
2025-04-05 22:17:21,277 - INFO - [email_notifier.py:36] - No se encontraron errores en la base de datos para: Errores en la base de datos SAP - 05/04/2025 22:17:21
2025-04-05 22:17:21,379 - INFO - [database.py:88] - Conexión exitosa a la segunda base de datos.
2025-04-05 22:17:21,752 - INFO - [email_notifier.py:36] - No se encontraron errores en la base de datos para: Errores en la base de datos Tabla de Control - 05/04/2025 22:17:21
2025-04-05 22:17:21,752 - INFO - [main.py:41] - ✅ Proceso regular finalizado correctamente.
2025-04-05 22:17:21,752 - INFO - [main.py:46] - 🕒 Esperando 60 minutos para la siguiente ejecución del proceso regular...
2025-04-05 22:19:56,440 - INFO - [main.py:30] - ⏱️ Iniciando proceso regular de validación...
2025-04-05 22:19:56,442 - INFO - [main.py:61] - 🕒 Esperando hasta las 9:00 AM para iniciar comparación diaria (esperando 0.1 minutos)...
2025-04-05 22:19:56,575 - INFO - [api_client.py:35] - ✅ Token obtenido correctamente: eyJhb...uZFbA
2025-04-05 22:19:56,576 - INFO - [api_client.py:36] - ⏱ Tiempo de obtención del token: 0m 0s
2025-04-05 22:19:57,832 - INFO - [database.py:88] - Conexión exitosa a la segunda base de datos.
2025-04-05 22:19:58,723 - INFO - [document_processor.py:416] - Se encontraron 0 documentos pendientes de FE, NCP, NC y NDP
2025-04-05 22:19:59,049 - INFO - [document_processor.py:432] - Procesamiento de documentos pendientes completado
2025-04-05 22:19:59,108 - INFO - [api_client.py:35] - ✅ Token obtenido correctamente: eyJhb...6MLxc
2025-04-05 22:19:59,109 - INFO - [api_client.py:36] - ⏱ Tiempo de obtención del token: 0m 0s
2025-04-05 22:19:59,218 - INFO - [database.py:88] - Conexión exitosa a la segunda base de datos.
2025-04-05 22:19:59,358 - INFO - [document_processor.py:507] - Se encontraron 0 documentos pendientes de BRS, DE y NCDS
2025-04-05 22:19:59,687 - INFO - [document_processor.py:523] - Procesamiento de documentos pendientes completado
2025-04-05 22:20:00,001 - INFO - [main.py:65] - 📊 Iniciando proceso de comparación diaria...
2025-04-05 22:20:00,001 - INFO - [document_processor.py:263] - Iniciando comparación entre SAP y CtrlFacEleCol...
2025-04-05 22:20:00,792 - INFO - [database.py:62] - Conexión exitosa a la primera base de datos.
2025-04-05 22:20:01,043 - INFO - [database.py:62] - Conexión exitosa a la primera base de datos.
2025-04-05 22:20:01,151 - INFO - [email_notifier.py:36] - No se encontraron errores en la base de datos para: Errores en la base de datos SAP - 05/04/2025 22:20:01
2025-04-05 22:20:01,270 - INFO - [database.py:88] - Conexión exitosa a la segunda base de datos.
2025-04-05 22:20:01,655 - INFO - [email_notifier.py:36] - No se encontraron errores en la base de datos para: Errores en la base de datos Tabla de Control - 05/04/2025 22:20:01
2025-04-05 22:20:01,656 - INFO - [main.py:41] - ✅ Proceso regular finalizado correctamente.
2025-04-05 22:20:01,656 - INFO - [main.py:46] - 🕒 Esperando 60 minutos para la siguiente ejecución del proceso regular...
2025-04-05 22:20:02,345 - INFO - [database.py:88] - Conexión exitosa a la segunda base de datos.
2025-04-05 22:20:03,607 - INFO - [email_notifier.py:173] - 📧 Preparando correo para: ['wgarcia@nikkenlatam.com']
2025-04-05 22:20:03,608 - INFO - [email_notifier.py:174] - Asunto: Comparación de documentos SAP y CTL - 04/04/2025
2025-04-05 22:20:03,608 - INFO - [email_notifier.py:175] - Cantidad de registros procesados: 301
2025-04-05 22:20:03,608 - INFO - [email_notifier.py:176] - Vista previa del correo (HTML truncado): <html><body><h2 style='color: #003366;'>📊 Resultado de la comparación de documentos</h2><p>Fecha del proceso: <strong>04/04/2025</strong></p>
        <h3>📌 Resumen del envío</h3>
        <ul>
            <li style='color: green;'>✅ Documentos enviados: <strong>0</strong></li>
            <li style='...
2025-04-05 22:20:08,286 - INFO - [email_notifier.py:200] - ✅ Correo de comparación enviado correctamente.
2025-04-05 22:20:08,287 - INFO - [main.py:70] - ✅ Comparación diaria finalizada.
2025-04-05 22:23:23,032 - INFO - [main.py:30] - ⏱️ Iniciando proceso regular de validación...
2025-04-05 22:23:23,034 - INFO - [main.py:61] - 🕒 Esperando hasta las 9:00 AM para iniciar comparación diaria (esperando 0.6 minutos)...
2025-04-05 22:23:23,146 - INFO - [api_client.py:35] - ✅ Token obtenido correctamente: eyJhb...AavPY
2025-04-05 22:23:23,147 - INFO - [api_client.py:36] - ⏱ Tiempo de obtención del token: 0m 0s
2025-04-05 22:23:24,426 - INFO - [database.py:88] - Conexión exitosa a la segunda base de datos.
2025-04-05 22:23:25,301 - INFO - [document_processor.py:416] - Se encontraron 0 documentos pendientes de FE, NCP, NC y NDP
2025-04-05 22:23:25,659 - INFO - [document_processor.py:432] - Procesamiento de documentos pendientes completado
2025-04-05 22:23:25,719 - INFO - [api_client.py:35] - ✅ Token obtenido correctamente: eyJhb...1uvDk
2025-04-05 22:23:25,719 - INFO - [api_client.py:36] - ⏱ Tiempo de obtención del token: 0m 0s
2025-04-05 22:23:25,859 - INFO - [database.py:88] - Conexión exitosa a la segunda base de datos.
2025-04-05 22:23:26,001 - INFO - [document_processor.py:507] - Se encontraron 0 documentos pendientes de BRS, DE y NCDS
2025-04-05 22:23:26,334 - INFO - [document_processor.py:523] - Procesamiento de documentos pendientes completado
2025-04-05 22:23:27,892 - INFO - [database.py:62] - Conexión exitosa a la primera base de datos.
2025-04-05 22:23:28,541 - INFO - [email_notifier.py:36] - No se encontraron errores en la base de datos para: Errores en la base de datos SAP - 05/04/2025 22:23:28
2025-04-05 22:23:28,648 - INFO - [database.py:88] - Conexión exitosa a la segunda base de datos.
2025-04-05 22:23:29,042 - INFO - [email_notifier.py:36] - No se encontraron errores en la base de datos para: Errores en la base de datos Tabla de Control - 05/04/2025 22:23:29
2025-04-05 22:23:29,042 - INFO - [main.py:41] - ✅ Proceso regular finalizado correctamente.
2025-04-05 22:23:29,044 - INFO - [main.py:46] - 🕒 Esperando 60 minutos para la siguiente ejecución del proceso regular...
2025-04-05 22:24:00,003 - INFO - [main.py:65] - 📊 Iniciando proceso de comparación diaria...
2025-04-05 22:24:00,004 - INFO - [document_processor.py:263] - Iniciando comparación entre SAP y CtrlFacEleCol...
2025-04-05 22:24:00,141 - INFO - [database.py:62] - Conexión exitosa a la primera base de datos.
2025-04-05 22:24:01,307 - INFO - [database.py:88] - Conexión exitosa a la segunda base de datos.
2025-04-05 22:24:02,529 - INFO - [email_notifier.py:188] - 📧 Preparando correo para: ['wgarcia@nikkenlatam.com']
2025-04-05 22:24:02,529 - INFO - [email_notifier.py:189] - Asunto: Comparación de documentos SAP y CTL - 04/04/2025
2025-04-05 22:24:02,530 - INFO - [email_notifier.py:190] - Cantidad de registros procesados: 301
2025-04-05 22:24:02,530 - INFO - [email_notifier.py:191] - Vista previa del correo (HTML truncado): <html><body><h2 style='color: #003366;'>📊 Resultado de la comparación de documentos</h2><p>Fecha del proceso: <strong>04/04/2025</strong></p>
        <h3>📌 Resumen del envío</h3>
        <ul>
            <li style='color: green;'>✅ Documentos enviados: <strong>288</strong></li>
            <li style...
2025-04-05 22:24:06,676 - INFO - [email_notifier.py:215] - ✅ Correo de comparación enviado correctamente.
2025-04-05 22:24:06,677 - INFO - [main.py:70] - ✅ Comparación diaria finalizada.
2025-04-05 22:25:06,678 - INFO - [main.py:61] - 🕒 Esperando hasta las 9:00 AM para iniciar comparación diaria (esperando 1438.9 minutos)...
2025-04-05 22:26:14,013 - INFO - [main.py:30] - ⏱️ Iniciando proceso regular de validación...
2025-04-05 22:26:14,013 - INFO - [main.py:61] - 🕒 Esperando hasta las 9:00 AM para iniciar comparación diaria (esperando 1437.8 minutos)...
2025-04-05 22:26:14,215 - INFO - [api_client.py:35] - ✅ Token obtenido correctamente: eyJhb...9Se-Q
2025-04-05 22:26:14,215 - INFO - [api_client.py:36] - ⏱ Tiempo de obtención del token: 0m 0s
2025-04-05 22:26:15,453 - INFO - [database.py:88] - Conexión exitosa a la segunda base de datos.
2025-04-05 22:26:16,315 - INFO - [document_processor.py:416] - Se encontraron 0 documentos pendientes de FE, NCP, NC y NDP
2025-04-05 22:26:16,661 - INFO - [document_processor.py:432] - Procesamiento de documentos pendientes completado
2025-04-05 22:26:16,728 - INFO - [api_client.py:35] - ✅ Token obtenido correctamente: eyJhb...LT-y8
2025-04-05 22:26:16,728 - INFO - [api_client.py:36] - ⏱ Tiempo de obtención del token: 0m 0s
2025-04-05 22:26:16,839 - INFO - [database.py:88] - Conexión exitosa a la segunda base de datos.
2025-04-05 22:26:17,016 - INFO - [document_processor.py:507] - Se encontraron 0 documentos pendientes de BRS, DE y NCDS
2025-04-05 22:26:17,385 - INFO - [document_processor.py:523] - Procesamiento de documentos pendientes completado
2025-04-05 22:26:18,454 - INFO - [database.py:62] - Conexión exitosa a la primera base de datos.
2025-04-05 22:26:18,768 - INFO - [email_notifier.py:36] - No se encontraron errores en la base de datos para: Errores en la base de datos SAP - 05/04/2025 22:26:18
2025-04-05 22:26:18,873 - INFO - [database.py:88] - Conexión exitosa a la segunda base de datos.
2025-04-05 22:27:13,415 - INFO - [main.py:30] - ⏱️ Iniciando proceso regular de validación...
2025-04-05 22:27:13,416 - INFO - [main.py:61] - 🕒 Esperando hasta las 9:00 AM para iniciar comparación diaria (esperando 1436.8 minutos)...
2025-04-05 22:27:13,539 - INFO - [api_client.py:35] - ✅ Token obtenido correctamente: eyJhb...m_Qgw
2025-04-05 22:27:13,540 - INFO - [api_client.py:36] - ⏱ Tiempo de obtención del token: 0m 0s
2025-04-05 22:27:14,669 - INFO - [database.py:88] - Conexión exitosa a la segunda base de datos.
2025-04-05 22:27:14,670 - ERROR - [document_processor.py:435] - Error al procesar documentos pendientes: ('The SQL contains 0 parameter markers, but 2 parameters were supplied', 'HY000')
2025-04-05 22:27:14,954 - INFO - [api_client.py:35] - ✅ Token obtenido correctamente: eyJhb...yiQbI
2025-04-05 22:27:14,954 - INFO - [api_client.py:36] - ⏱ Tiempo de obtención del token: 0m 0s
2025-04-05 22:27:15,093 - INFO - [database.py:88] - Conexión exitosa a la segunda base de datos.
2025-04-05 22:27:15,234 - INFO - [document_processor.py:507] - Se encontraron 0 documentos pendientes de BRS, DE y NCDS
2025-04-05 22:27:15,554 - INFO - [document_processor.py:523] - Procesamiento de documentos pendientes completado
2025-04-05 22:27:16,727 - INFO - [database.py:62] - Conexión exitosa a la primera base de datos.
2025-04-05 22:27:17,061 - INFO - [email_notifier.py:36] - No se encontraron errores en la base de datos para: Errores en la base de datos SAP - 05/04/2025 22:27:17
2025-04-05 22:27:17,168 - INFO - [database.py:88] - Conexión exitosa a la segunda base de datos.
2025-04-05 22:27:17,626 - INFO - [email_notifier.py:36] - No se encontraron errores en la base de datos para: Errores en la base de datos Tabla de Control - 05/04/2025 22:27:17
2025-04-05 22:27:17,626 - INFO - [main.py:41] - ✅ Proceso regular finalizado correctamente.
2025-04-05 22:27:17,626 - INFO - [main.py:46] - 🕒 Esperando 60 minutos para la siguiente ejecución del proceso regular...
